Parsing log file: HealthApp.log
Threshold : transitions must occur ≥ 1 time(s) to form a chunk

============================================================
Unique event names (142 total):
  Alarm
  FAILED
  InsertCallBack
  InsertEvent
  MyGetDetailDataCallback
  MyServiceConn
  REPORT
  SystemClock
  aggregateHiHealthData
  aggregateHiHealthDataEx
  bind
  bulkSaveDetailHiHealthData
  calculateAltitudeWithCache
  calculateCaloriesWithCache
  checkCurrentDay
  checkFirstSyncByType
  checkInsertStatus
  checkLocalDataValue
  checkSportDataNum
  clear
  closeNotification
  compareMidWareCacheAndLocalCache
  context
  createHealthNotification
  deleteHealthNotification
  fetchDataSourceByType
  fetchPhoneDataClient
  flush
  flushTempCacheToDB
  getARDebugConfig
  getAppContext
  getBinderPackageName
  getCfgFile
  getDeviceShutDownBoolean
  getDeviceShutDownTime
  getDiffTotalAltitude
  getDiffTotalCalories
  getDiffTotalSteps
  getFirstStartDaemonFromUI
  getGoalNotifiShownRecord
  getGoalNotificationShowStatus
  getHealthClientListByTime
  getIntercepterDistance
  getLastSyncDBTime
  getMidWareCache
  getMidWareStepCountService
  getServiceRestartRecord
  getStepCounterStatus
  getStepsNotificationShowStatus
  getStepsTarget
  getStringHuid
  getTodayBasicStandardSteps
  getTodayNoSyncTotalValue
  getTodaySportData
  getTodayTotalDetailSteps
  getUserInfoFromPerference
  getUserPreference
  getVersion
  getWriteDBLastDataMinute
  ifCanSync
  init
  initBinder
  initCacheFromFile
  initDataManager
  initDataPrivacy
  initDiffAltitude
  initDiffCaloriesfromFile
  initEnviroument
  initExtendStepCounter
  initStepCounter
  initSyncModel
  initTrackDistancefromFile
  initUserPrivacy
  insert
  insertHiHealthData
  isScreenOn
  moveOldData
  needAutoSync
  new
  next
  onBind
  onCreate
  onExtend
  onReceive
  onStandStepChanged
  onStartCommand
  openStepCounter
  policy
  processHandleBroadcastAction
  reStartStepCounter
  readHiHealthData
  readXmlIfSupportEX
  rebuild
  registerCallback
  registerDynamicBroadcastReceiver
  registerLogCallback
  registersensorsuccess
  reload
  saveHealthDetailData
  saveRealTimeHealthDatasStat
  saveStatData
  screen
  sendSyncFailedBroadcast
  setActionRestartSensorAlarm
  setBasicStandardSteps
  setDeviceClassType
  setDeviceShutDownValue
  setDiffTotalSteps
  setFirstStartDaemonFromUI
  setGoalNotifiShownRecord
  setGoalNotificationShowStatus
  setServiceRestartRecord
  setStepCounterStatus
  setTodayTotalDetailSteps
  setUserInfoToPerference
  setWriteDBLastDataMinute
  start
  startInsertSportSync
  startListenerChange
  startNotification
  startStepCounter
  startStepCounterInter
  startSync
  startTimer
  stepSyncOrNot
  subscribeHiHealthData
  support
  supportPrivateStandStepcounter
  supportStandStepCounter
  switchTrackMonitor
  target
  the
  theDayChanged
  timeStamp
  tryToRecordAsBasicStepData
  tryToReloadTodayBasicSteps
  upDateHealthNotification
  upLoadOneMinuteDataToEngine
  updateBasicRestartStepsInfo
  uploadStaticsToDB
  userInfo
  writeDataToDB

============================================================
Building sequence graph (window=1) …

============================================================
Most-common successor trees (threshold=1, branching=2, depth=4):

Alarm
    ├── uploadStaticsToDB  (×151)
    │   ├── flush  (×196)
    │   │   ├── onStandStepChanged  (×256)
    │   │   │   ├── onExtend  (×27795)
    │   │   │   └── processHandleBroadcastAction  (×279)
    │   │   └── processHandleBroadcastAction  (×88)
    │   │       ├── onStandStepChanged  (×4154)
    │   │       └── onExtend  (×145)
    │   └── processHandleBroadcastAction  (×61)
    │       ├── onStandStepChanged  (×4154)
    │       │   ├── onExtend  (×27795)
    │       │   └── flushTempCacheToDB  (×192)
    │       └── onExtend  (×145)
    │           ├── onStandStepChanged  (×23703)
    │           └── timeStamp  (×649)
    └── onExtend  (×109)
        ├── onStandStepChanged  (×23703)
        │   ├── processHandleBroadcastAction  (×279)
        │   │   ├── getTodaySportData  (×39)
        │   │   └── flush  (×28)
        │   └── flushTempCacheToDB  (×192)
        │       ├── uploadStaticsToDB  (×9)
        │       └── processHandleBroadcastAction  (×4)
        └── processHandleBroadcastAction  (×3459)
            ├── onStandStepChanged  (×4154)
            │   ├── flushTempCacheToDB  (×192)
            │   └── flush  (×61)
            └── getTodaySportData  (×39)
                └── onStandStepChanged  (×35)

InsertCallBack
    └── InsertEvent  (×436)
        ├── writeDataToDB  (×298)
        │   └── upLoadOneMinuteDataToEngine  (×436)
        │       └── insert  (×1)
        └── upLoadOneMinuteDataToEngine  (×2)
            ├── writeDataToDB  (×137)
            └── insert  (×1)
                └── writeDataToDB  (×1)

InsertEvent
    ├── writeDataToDB  (×298)
    │   ├── upLoadOneMinuteDataToEngine  (×436)
    │   │   ├── InsertCallBack  (×300)
    │   │   └── insert  (×1)
    │   └── InsertCallBack  (×1)
    └── InsertCallBack  (×135)

MyGetDetailDataCallback
    ├── startStepCounter  (×4)
    │   ├── openStepCounter  (×5)
    │   │   ├── registerCallback  (×4)
    │   │   │   └── registerLogCallback  (×5)
    │   │   └── getMidWareCache  (×1)
    │   └── start  (×4)
    │       └── compareMidWareCacheAndLocalCache  (×5)
    │           ├── startStepCounterInter  (×5)
    │           └── onStandStepChanged  (×4)
    └── registerCallback  (×1)
        └── registerLogCallback  (×5)
            └── bind  (×4)
                └── MyServiceConn  (×5)

MyServiceConn
    └── getMidWareCache  (×5)
        ├── MyGetDetailDataCallback  (×5)
        │   ├── startStepCounter  (×4)
        │   │   ├── openStepCounter  (×5)
        │   │   └── start  (×4)
        │   └── registerCallback  (×1)
        │       └── registerLogCallback  (×5)
        └── startStepCounter  (×1)
            ├── openStepCounter  (×5)
            │   └── registerCallback  (×4)
            └── start  (×4)
                └── compareMidWareCacheAndLocalCache  (×5)

REPORT
    ├── onReceive  (×1864)
    │   └── screen  (×21)
    └── screen  (×21)
        └── onReceive  (×2)

SystemClock
    └── updateBasicRestartStepsInfo  (×5)
        └── tryToReloadTodayBasicSteps  (×5)
            └── reload  (×16)
                ├── theDayChanged  (×6)
                └── context  (×5)

aggregateHiHealthData
    ├── readHiHealthData  (×15)
    │   ├── getStringHuid  (×12)
    │   │   ├── initBinder  (×5)
    │   │   └── insertHiHealthData  (×5)
    │   │       ├── getAppContext  (×733)
    │   │       └── moveOldData  (×5)
    │   └── aggregateHiHealthDataEx  (×5)
    │       ├── getStringHuid  (×3)
    │       │   ├── initBinder  (×5)
    │       │   └── insertHiHealthData  (×5)
    │       └── fetchDataSourceByType  (×1)
    │           └── getStringHuid  (×2)
    └── getStringHuid  (×10)
        ├── readHiHealthData  (×17)
        │   ├── aggregateHiHealthDataEx  (×5)
        │   │   └── fetchDataSourceByType  (×1)
        │   └── getUserPreference  (×5)
        │       ├── aggregateHiHealthDataEx  (×2)
        │       └── fetchDataSourceByType  (×1)
        └── initBinder  (×5)

aggregateHiHealthDataEx
    ├── readHiHealthData  (×8)
    │   ├── aggregateHiHealthData  (×17)
    │   │   ├── getStringHuid  (×10)
    │   │   │   ├── initBinder  (×5)
    │   │   │   └── insertHiHealthData  (×5)
    │   │   └── fetchDataSourceByType  (×2)
    │   │       └── getStringHuid  (×2)
    │   └── getStringHuid  (×12)
    │       ├── aggregateHiHealthData  (×10)
    │       │   ├── fetchDataSourceByType  (×2)
    │       │   └── getUserPreference  (×1)
    │       └── initBinder  (×5)
    └── aggregateHiHealthData  (×5)
        ├── readHiHealthData  (×15)
        │   ├── getStringHuid  (×12)
        │   │   ├── initBinder  (×5)
        │   │   └── insertHiHealthData  (×5)
        │   └── getUserPreference  (×5)
        │       ├── getStringHuid  (×4)
        │       └── fetchDataSourceByType  (×1)
        └── getStringHuid  (×10)
            ├── readHiHealthData  (×17)
            │   ├── getUserPreference  (×5)
            │   └── getAppContext  (×3)
            └── initBinder  (×5)

bind
    └── MyServiceConn  (×5)
        └── getMidWareCache  (×5)
            ├── MyGetDetailDataCallback  (×5)
            │   ├── startStepCounter  (×4)
            │   └── registerCallback  (×1)
            └── startStepCounter  (×1)
                ├── openStepCounter  (×5)
                └── start  (×4)

bulkSaveDetailHiHealthData
    ├── saveRealTimeHealthDatasStat  (×430)
    │   └── saveHealthDetailData  (×424)
    │       └── saveStatData  (×594)
    └── saveHealthDetailData  (×313)
        ├── saveStatData  (×594)
        │   └── saveRealTimeHealthDatasStat  (×2)
        └── saveRealTimeHealthDatasStat  (×2)

calculateAltitudeWithCache
    ├── calculateCaloriesWithCache  (×26408)
    └── initCacheFromFile  (×5)
        └── calculateCaloriesWithCache  (×5)

calculateCaloriesWithCache
    └── calculateAltitudeWithCache  (×26414)
        └── initCacheFromFile  (×5)

checkCurrentDay
    ├── stepSyncOrNot  (×8)
    │   ├── startInsertSportSync  (×704)
    │   │   ├── startSync  (×702)
    │   │   │   └── needAutoSync  (×704)
    │   │   └── checkInsertStatus  (×3)
    │   │       ├── initDataPrivacy  (×1)
    │   │       └── startTimer  (×1)
    │   └── needAutoSync  (×86)
    │       ├── initDataPrivacy  (×790)
    │       │   ├── initUserPrivacy  (×1580)
    │       │   └── checkInsertStatus  (×2)
    │       └── checkInsertStatus  (×2)
    │           ├── initDataPrivacy  (×1)
    │           └── startTimer  (×1)
    └── checkSportDataNum  (×3)
        ├── checkInsertStatus  (×8)
        │   ├── stepSyncOrNot  (×705)
        │   │   ├── startInsertSportSync  (×704)
        │   │   └── needAutoSync  (×86)
        │   └── initDataPrivacy  (×1)
        │       └── initUserPrivacy  (×1580)
        └── startTimer  (×3)
            ├── startSync  (×84)
            │   ├── needAutoSync  (×704)
            │   └── stepSyncOrNot  (×79)
            └── checkInsertStatus  (×2)
                ├── stepSyncOrNot  (×705)
                └── initDataPrivacy  (×1)

checkFirstSyncByType
    └── getTodayNoSyncTotalValue  (×11)

checkInsertStatus
    ├── stepSyncOrNot  (×705)
    │   ├── startInsertSportSync  (×704)
    │   │   ├── startSync  (×702)
    │   │   │   ├── needAutoSync  (×704)
    │   │   │   └── checkCurrentDay  (×8)
    │   │   └── startTimer  (×1)
    │   │       └── startSync  (×84)
    │   └── needAutoSync  (×86)
    │       └── initDataPrivacy  (×790)
    │           └── initUserPrivacy  (×1580)
    └── initDataPrivacy  (×1)
        └── initUserPrivacy  (×1580)
            └── ifCanSync  (×792)
                ├── startTimer  (×80)
                └── checkSportDataNum  (×7)

checkSportDataNum
    ├── checkInsertStatus  (×8)
    │   ├── stepSyncOrNot  (×705)
    │   │   ├── startInsertSportSync  (×704)
    │   │   │   ├── startSync  (×702)
    │   │   │   └── startTimer  (×1)
    │   │   └── needAutoSync  (×86)
    │   │       └── initDataPrivacy  (×790)
    │   └── initDataPrivacy  (×1)
    │       └── initUserPrivacy  (×1580)
    │           └── ifCanSync  (×792)
    └── startTimer  (×3)
        ├── startSync  (×84)
        │   ├── needAutoSync  (×704)
        │   │   ├── initDataPrivacy  (×790)
        │   │   └── checkInsertStatus  (×2)
        │   └── stepSyncOrNot  (×79)
        │       ├── startInsertSportSync  (×704)
        │       └── needAutoSync  (×86)
        └── checkInsertStatus  (×2)
            ├── stepSyncOrNot  (×705)
            │   ├── startInsertSportSync  (×704)
            │   └── needAutoSync  (×86)
            └── initDataPrivacy  (×1)
                └── initUserPrivacy  (×1580)

closeNotification
    ├── target  (×4)
    │   ├── next  (×3)
    │   └── startNotification  (×1)
    │       └── createHealthNotification  (×4)
    │           ├── upDateHealthNotification  (×3)
    │           └── next  (×1)
    └── next  (×4)

compareMidWareCacheAndLocalCache
    ├── startStepCounterInter  (×5)
    │   ├── processHandleBroadcastAction  (×5)
    │   │   ├── onStandStepChanged  (×4154)
    │   │   │   ├── onExtend  (×27795)
    │   │   │   └── flushTempCacheToDB  (×192)
    │   │   └── onExtend  (×145)
    │   │       ├── onStandStepChanged  (×23703)
    │   │       └── timeStamp  (×649)
    │   └── onStandStepChanged  (×1)
    │       ├── onExtend  (×27795)
    │       │   ├── processHandleBroadcastAction  (×3459)
    │       │   └── timeStamp  (×649)
    │       └── processHandleBroadcastAction  (×279)
    │           ├── onExtend  (×145)
    │           └── getTodaySportData  (×39)
    └── onStandStepChanged  (×4)
        ├── onExtend  (×27795)
        │   ├── processHandleBroadcastAction  (×3459)
        │   │   ├── getTodaySportData  (×39)
        │   │   └── flush  (×28)
        │   └── timeStamp  (×649)
        │       ├── processHandleBroadcastAction  (×421)
        │       └── flush  (×21)
        └── processHandleBroadcastAction  (×279)
            ├── onExtend  (×145)
            │   ├── timeStamp  (×649)
            │   └── flushTempCacheToDB  (×243)
            └── getTodaySportData  (×39)
                └── onExtend  (×1)

context
    └── initDataManager  (×5)
        └── SystemClock  (×5)
            └── updateBasicRestartStepsInfo  (×5)
                └── tryToReloadTodayBasicSteps  (×5)

createHealthNotification
    ├── upDateHealthNotification  (×3)
    │   └── rebuild  (×4)
    │       ├── next  (×2)
    │       │   └── closeNotification  (×11)
    │       └── startNotification  (×1)
    └── next  (×1)
        └── closeNotification  (×11)
            ├── target  (×4)
            │   ├── startNotification  (×1)
            │   └── upDateHealthNotification  (×1)
            └── startNotification  (×2)

deleteHealthNotification
    └── registerDynamicBroadcastReceiver  (×5)
        ├── startStepCounter  (×4)
        │   ├── openStepCounter  (×5)
        │   │   ├── registerCallback  (×4)
        │   │   └── getMidWareCache  (×1)
        │   └── start  (×4)
        │       └── compareMidWareCacheAndLocalCache  (×5)
        └── onStandStepChanged  (×1)
            ├── onExtend  (×27795)
            │   ├── processHandleBroadcastAction  (×3459)
            │   └── timeStamp  (×649)
            └── processHandleBroadcastAction  (×279)
                ├── onExtend  (×145)
                └── getTodaySportData  (×39)

fetchDataSourceByType
    ├── getStringHuid  (×2)
    │   ├── readHiHealthData  (×17)
    │   │   ├── aggregateHiHealthData  (×17)
    │   │   │   ├── aggregateHiHealthDataEx  (×4)
    │   │   │   └── getUserPreference  (×1)
    │   │   └── aggregateHiHealthDataEx  (×5)
    │   │       └── aggregateHiHealthData  (×5)
    │   └── aggregateHiHealthData  (×10)
    │       ├── readHiHealthData  (×15)
    │       │   ├── aggregateHiHealthDataEx  (×5)
    │       │   └── getUserPreference  (×5)
    │       └── aggregateHiHealthDataEx  (×4)
    │           └── readHiHealthData  (×8)
    └── readHiHealthData  (×2)
        ├── aggregateHiHealthData  (×17)
        │   ├── getStringHuid  (×10)
        │   │   ├── initBinder  (×5)
        │   │   └── insertHiHealthData  (×5)
        │   └── aggregateHiHealthDataEx  (×4)
        │       └── getStringHuid  (×3)
        └── getStringHuid  (×12)
            ├── aggregateHiHealthData  (×10)
            │   ├── aggregateHiHealthDataEx  (×4)
            │   └── getUserPreference  (×1)
            └── initBinder  (×5)

fetchPhoneDataClient
    └── getUserPreference  (×1)
        ├── getStringHuid  (×4)
        │   ├── readHiHealthData  (×17)
        │   │   ├── aggregateHiHealthData  (×17)
        │   │   └── aggregateHiHealthDataEx  (×5)
        │   └── aggregateHiHealthData  (×10)
        │       ├── readHiHealthData  (×15)
        │       └── aggregateHiHealthDataEx  (×4)
        └── aggregateHiHealthDataEx  (×2)
            ├── readHiHealthData  (×8)
            │   ├── aggregateHiHealthData  (×17)
            │   └── getStringHuid  (×12)
            └── aggregateHiHealthData  (×5)
                ├── readHiHealthData  (×15)
                └── getStringHuid  (×10)

flush
    ├── onStandStepChanged  (×256)
    │   ├── onExtend  (×27795)
    │   │   ├── processHandleBroadcastAction  (×3459)
    │   │   │   ├── getTodaySportData  (×39)
    │   │   │   └── uploadStaticsToDB  (×6)
    │   │   └── timeStamp  (×649)
    │   │       ├── processHandleBroadcastAction  (×421)
    │   │       └── getTodaySportData  (×4)
    │   └── processHandleBroadcastAction  (×279)
    │       ├── onExtend  (×145)
    │       │   ├── timeStamp  (×649)
    │       │   └── flushTempCacheToDB  (×243)
    │       └── getTodaySportData  (×39)
    │           └── onExtend  (×1)
    └── processHandleBroadcastAction  (×88)
        ├── onStandStepChanged  (×4154)
        │   ├── onExtend  (×27795)
        │   │   ├── timeStamp  (×649)
        │   │   └── flushTempCacheToDB  (×243)
        │   └── flushTempCacheToDB  (×192)
        │       ├── Alarm  (×214)
        │       └── onExtend  (×201)
        └── onExtend  (×145)
            ├── onStandStepChanged  (×23703)
            │   ├── flushTempCacheToDB  (×192)
            │   └── uploadStaticsToDB  (×34)
            └── timeStamp  (×649)
                ├── onStandStepChanged  (×145)
                └── getTodaySportData  (×4)

flushTempCacheToDB
    ├── Alarm  (×214)
    │   ├── uploadStaticsToDB  (×151)
    │   │   ├── flush  (×196)
    │   │   │   ├── onStandStepChanged  (×256)
    │   │   │   └── processHandleBroadcastAction  (×88)
    │   │   └── processHandleBroadcastAction  (×61)
    │   │       ├── onStandStepChanged  (×4154)
    │   │       └── onExtend  (×145)
    │   └── onExtend  (×109)
    │       ├── onStandStepChanged  (×23703)
    │       │   ├── processHandleBroadcastAction  (×279)
    │       │   └── flush  (×61)
    │       └── processHandleBroadcastAction  (×3459)
    │           ├── onStandStepChanged  (×4154)
    │           └── getTodaySportData  (×39)
    └── onExtend  (×201)
        ├── onStandStepChanged  (×23703)
        │   ├── processHandleBroadcastAction  (×279)
        │   │   ├── getTodaySportData  (×39)
        │   │   └── flush  (×28)
        │   └── flush  (×61)
        │       ├── processHandleBroadcastAction  (×88)
        │       └── reStartStepCounter  (×11)
        └── processHandleBroadcastAction  (×3459)
            ├── onStandStepChanged  (×4154)
            │   ├── flush  (×61)
            │   └── uploadStaticsToDB  (×34)
            └── getTodaySportData  (×39)
                └── onStandStepChanged  (×35)

getARDebugConfig
    └── getStepCounterStatus  (×5)
        ├── getTodayBasicStandardSteps  (×10)
        │   ├── getDiffTotalSteps  (×31)
        │   │   ├── setBasicStandardSteps  (×16)
        │   │   └── getTodayTotalDetailSteps  (×16)
        │   └── setGoalNotifiShownRecord  (×1)
        │       ├── getTodayTotalDetailSteps  (×13)
        │       └── setWriteDBLastDataMinute  (×1)
        └── setStepCounterStatus  (×5)
            ├── getTodayTotalDetailSteps  (×3)
            │   ├── setTodayTotalDetailSteps  (×27303)
            │   └── getTodayBasicStandardSteps  (×16)
            └── getFirstStartDaemonFromUI  (×2)
                └── getDeviceShutDownBoolean  (×5)

getAppContext
    ├── insertHiHealthData  (×737)
    │   ├── moveOldData  (×5)
    │   └── getStringHuid  (×3)
    │       ├── readHiHealthData  (×17)
    │       │   ├── aggregateHiHealthData  (×17)
    │       │   └── aggregateHiHealthDataEx  (×5)
    │       └── aggregateHiHealthData  (×10)
    │           ├── readHiHealthData  (×15)
    │           └── aggregateHiHealthDataEx  (×4)
    └── initBinder  (×5)
        └── getStringHuid  (×10)
            ├── readHiHealthData  (×17)
            │   ├── aggregateHiHealthData  (×17)
            │   └── aggregateHiHealthDataEx  (×5)
            └── aggregateHiHealthData  (×10)
                ├── readHiHealthData  (×15)
                └── aggregateHiHealthDataEx  (×4)

getCfgFile
    └── policy  (×4)

getDeviceShutDownBoolean
    └── getDeviceShutDownTime  (×5)
        └── setDeviceShutDownValue  (×5)
            ├── getVersion  (×5)
            │   └── getServiceRestartRecord  (×5)
            └── getFirstStartDaemonFromUI  (×3)

getDeviceShutDownTime
    └── setDeviceShutDownValue  (×5)
        ├── getVersion  (×5)
        │   └── getServiceRestartRecord  (×5)
        │       └── setServiceRestartRecord  (×5)
        └── getFirstStartDaemonFromUI  (×3)
            └── getDeviceShutDownBoolean  (×5)

getDiffTotalAltitude
    └── getIntercepterDistance  (×5)
        └── setDeviceClassType  (×5)
            ├── getStepsNotificationShowStatus  (×5)
            │   └── getGoalNotificationShowStatus  (×5)
            └── getWriteDBLastDataMinute  (×1)
                └── getTodayTotalDetailSteps  (×5)

getDiffTotalCalories
    ├── getDiffTotalAltitude  (×4)
    │   └── getIntercepterDistance  (×5)
    │       └── setDeviceClassType  (×5)
    │           ├── getStepsNotificationShowStatus  (×5)
    │           └── getWriteDBLastDataMinute  (×1)
    └── getTodayTotalDetailSteps  (×1)
        ├── setTodayTotalDetailSteps  (×27303)
        │   ├── setWriteDBLastDataMinute  (×436)
        │   └── setGoalNotifiShownRecord  (×14)
        │       ├── setWriteDBLastDataMinute  (×1)
        │       └── getDiffTotalSteps  (×1)
        └── getTodayBasicStandardSteps  (×16)
            ├── getDiffTotalSteps  (×31)
            │   └── setBasicStandardSteps  (×16)
            └── setGoalNotifiShownRecord  (×1)
                ├── setWriteDBLastDataMinute  (×1)
                └── getDiffTotalSteps  (×1)

getDiffTotalSteps
    ├── setBasicStandardSteps  (×16)
    │   ├── setDiffTotalSteps  (×11)
    │   │   └── getTodayTotalDetailSteps  (×11)
    │   │       ├── setTodayTotalDetailSteps  (×27303)
    │   │       └── getTodayBasicStandardSteps  (×16)
    │   └── setTodayTotalDetailSteps  (×5)
    │       ├── getTodayTotalDetailSteps  (×26833)
    │       │   ├── getTodayBasicStandardSteps  (×16)
    │       │   └── setWriteDBLastDataMinute  (×5)
    │       └── setWriteDBLastDataMinute  (×436)
    │           └── getTodayTotalDetailSteps  (×438)
    └── getTodayTotalDetailSteps  (×16)
        ├── setTodayTotalDetailSteps  (×27303)
        │   ├── setWriteDBLastDataMinute  (×436)
        │   └── setGoalNotifiShownRecord  (×14)
        │       └── setWriteDBLastDataMinute  (×1)
        └── getTodayBasicStandardSteps  (×16)
            └── setGoalNotifiShownRecord  (×1)
                └── setWriteDBLastDataMinute  (×1)

getFirstStartDaemonFromUI
    └── getDeviceShutDownBoolean  (×5)
        └── getDeviceShutDownTime  (×5)
            └── setDeviceShutDownValue  (×5)
                ├── getVersion  (×5)
                └── getDiffTotalAltitude  (×1)

getGoalNotifiShownRecord
    ├── getWriteDBLastDataMinute  (×4)
    │   └── getTodayTotalDetailSteps  (×5)
    │       ├── setTodayTotalDetailSteps  (×27303)
    │       │   ├── setWriteDBLastDataMinute  (×436)
    │       │   └── setGoalNotifiShownRecord  (×14)
    │       └── getTodayBasicStandardSteps  (×16)
    │           ├── getDiffTotalSteps  (×31)
    │           └── setGoalNotifiShownRecord  (×1)
    └── setDeviceClassType  (×1)
        ├── getStepsNotificationShowStatus  (×5)
        │   └── getGoalNotificationShowStatus  (×5)
        │       └── setGoalNotificationShowStatus  (×5)
        └── getWriteDBLastDataMinute  (×1)
            └── getTodayTotalDetailSteps  (×5)
                ├── setTodayTotalDetailSteps  (×27303)
                └── getTodayBasicStandardSteps  (×16)

getGoalNotificationShowStatus
    └── setGoalNotificationShowStatus  (×5)
        └── getGoalNotifiShownRecord  (×5)
            ├── getWriteDBLastDataMinute  (×4)
            │   └── getTodayTotalDetailSteps  (×5)
            └── setDeviceClassType  (×1)
                ├── getStepsNotificationShowStatus  (×5)
                └── getWriteDBLastDataMinute  (×1)

getIntercepterDistance
    └── setDeviceClassType  (×5)
        ├── getStepsNotificationShowStatus  (×5)
        │   └── getGoalNotificationShowStatus  (×5)
        │       └── setGoalNotificationShowStatus  (×5)
        └── getWriteDBLastDataMinute  (×1)
            └── getTodayTotalDetailSteps  (×5)
                ├── setTodayTotalDetailSteps  (×27303)
                └── getTodayBasicStandardSteps  (×16)

getLastSyncDBTime
    └── getUserInfoFromPerference  (×5)
        ├── setUserInfoToPerference  (×4)
        │   └── getDiffTotalCalories  (×5)
        │       ├── getDiffTotalAltitude  (×4)
        │       └── getTodayTotalDetailSteps  (×1)
        └── getTodayTotalDetailSteps  (×1)
            ├── setTodayTotalDetailSteps  (×27303)
            │   ├── setWriteDBLastDataMinute  (×436)
            │   └── setGoalNotifiShownRecord  (×14)
            └── getTodayBasicStandardSteps  (×16)
                ├── getDiffTotalSteps  (×31)
                └── setGoalNotifiShownRecord  (×1)

getMidWareCache
    ├── MyGetDetailDataCallback  (×5)
    │   ├── startStepCounter  (×4)
    │   │   ├── openStepCounter  (×5)
    │   │   │   └── registerCallback  (×4)
    │   │   └── start  (×4)
    │   │       └── compareMidWareCacheAndLocalCache  (×5)
    │   └── registerCallback  (×1)
    │       └── registerLogCallback  (×5)
    │           └── bind  (×4)
    └── startStepCounter  (×1)
        ├── openStepCounter  (×5)
        │   └── registerCallback  (×4)
        │       └── registerLogCallback  (×5)
        └── start  (×4)
            └── compareMidWareCacheAndLocalCache  (×5)
                ├── startStepCounterInter  (×5)
                └── onStandStepChanged  (×4)

getMidWareStepCountService
    ├── readXmlIfSupportEX  (×3)
    │   ├── supportStandStepCounter  (×7)
    │   │   └── supportPrivateStandStepcounter  (×7)
    │   │       └── support  (×2)
    │   └── support  (×4)
    └── support  (×1)
        └── readXmlIfSupportEX  (×7)
            └── supportStandStepCounter  (×7)
                └── supportPrivateStandStepcounter  (×7)

getServiceRestartRecord
    └── setServiceRestartRecord  (×5)
        └── getStepsTarget  (×5)
            └── getLastSyncDBTime  (×5)
                └── getUserInfoFromPerference  (×5)

getStepCounterStatus
    ├── getTodayBasicStandardSteps  (×10)
    │   ├── getDiffTotalSteps  (×31)
    │   │   ├── setBasicStandardSteps  (×16)
    │   │   │   ├── setDiffTotalSteps  (×11)
    │   │   │   └── setTodayTotalDetailSteps  (×5)
    │   │   └── getTodayTotalDetailSteps  (×16)
    │   │       ├── setTodayTotalDetailSteps  (×27303)
    │   │       └── setWriteDBLastDataMinute  (×5)
    │   └── setGoalNotifiShownRecord  (×1)
    │       ├── getTodayTotalDetailSteps  (×13)
    │       │   ├── setTodayTotalDetailSteps  (×27303)
    │       │   └── setWriteDBLastDataMinute  (×5)
    │       └── setWriteDBLastDataMinute  (×1)
    │           ├── getTodayTotalDetailSteps  (×438)
    │           └── setTodayTotalDetailSteps  (×4)
    └── setStepCounterStatus  (×5)
        ├── getTodayTotalDetailSteps  (×3)
        │   ├── setTodayTotalDetailSteps  (×27303)
        │   │   ├── setWriteDBLastDataMinute  (×436)
        │   │   └── setGoalNotifiShownRecord  (×14)
        │   └── getTodayBasicStandardSteps  (×16)
        │       ├── getDiffTotalSteps  (×31)
        │       └── setGoalNotifiShownRecord  (×1)
        └── getFirstStartDaemonFromUI  (×2)
            └── getDeviceShutDownBoolean  (×5)
                └── getDeviceShutDownTime  (×5)

getStepsNotificationShowStatus
    └── getGoalNotificationShowStatus  (×5)
        └── setGoalNotificationShowStatus  (×5)
            └── getGoalNotifiShownRecord  (×5)
                ├── getWriteDBLastDataMinute  (×4)
                └── setDeviceClassType  (×1)

getStepsTarget
    └── getLastSyncDBTime  (×5)
        └── getUserInfoFromPerference  (×5)
            ├── setUserInfoToPerference  (×4)
            │   └── getDiffTotalCalories  (×5)
            └── getTodayTotalDetailSteps  (×1)
                ├── setTodayTotalDetailSteps  (×27303)
                └── getTodayBasicStandardSteps  (×16)

getStringHuid
    ├── readHiHealthData  (×17)
    │   ├── aggregateHiHealthData  (×17)
    │   │   ├── aggregateHiHealthDataEx  (×4)
    │   │   │   └── fetchDataSourceByType  (×1)
    │   │   └── fetchDataSourceByType  (×2)
    │   │       └── aggregateHiHealthDataEx  (×1)
    │   └── aggregateHiHealthDataEx  (×5)
    │       ├── aggregateHiHealthData  (×5)
    │       │   ├── fetchDataSourceByType  (×2)
    │       │   └── getUserPreference  (×1)
    │       └── fetchDataSourceByType  (×1)
    └── aggregateHiHealthData  (×10)
        ├── readHiHealthData  (×15)
        │   ├── aggregateHiHealthDataEx  (×5)
        │   │   └── fetchDataSourceByType  (×1)
        │   └── getUserPreference  (×5)
        │       ├── aggregateHiHealthDataEx  (×2)
        │       └── fetchDataSourceByType  (×1)
        └── aggregateHiHealthDataEx  (×4)
            ├── readHiHealthData  (×8)
            │   ├── getUserPreference  (×5)
            │   └── getAppContext  (×3)
            └── fetchDataSourceByType  (×1)
                └── readHiHealthData  (×2)

getTodayBasicStandardSteps
    ├── getDiffTotalSteps  (×31)
    │   ├── setBasicStandardSteps  (×16)
    │   │   ├── setDiffTotalSteps  (×11)
    │   │   │   └── getTodayTotalDetailSteps  (×11)
    │   │   └── setTodayTotalDetailSteps  (×5)
    │   │       ├── getTodayTotalDetailSteps  (×26833)
    │   │       └── setWriteDBLastDataMinute  (×436)
    │   └── getTodayTotalDetailSteps  (×16)
    │       ├── setTodayTotalDetailSteps  (×27303)
    │       │   ├── setWriteDBLastDataMinute  (×436)
    │       │   └── setGoalNotifiShownRecord  (×14)
    │       └── setWriteDBLastDataMinute  (×5)
    │           └── setTodayTotalDetailSteps  (×4)
    └── setGoalNotifiShownRecord  (×1)
        ├── getTodayTotalDetailSteps  (×13)
        │   ├── setTodayTotalDetailSteps  (×27303)
        │   │   ├── setWriteDBLastDataMinute  (×436)
        │   │   └── getStepCounterStatus  (×11)
        │   └── setWriteDBLastDataMinute  (×5)
        │       └── setTodayTotalDetailSteps  (×4)
        └── setWriteDBLastDataMinute  (×1)
            ├── getTodayTotalDetailSteps  (×438)
            │   └── setTodayTotalDetailSteps  (×27303)
            └── setTodayTotalDetailSteps  (×4)
                ├── getTodayTotalDetailSteps  (×26833)
                └── getStepCounterStatus  (×11)

getTodayNoSyncTotalValue
    └── checkFirstSyncByType  (×11)

getTodaySportData
    ├── processHandleBroadcastAction  (×37)
    │   ├── onStandStepChanged  (×4154)
    │   │   ├── onExtend  (×27795)
    │   │   │   ├── timeStamp  (×649)
    │   │   │   └── flushTempCacheToDB  (×243)
    │   │   └── flushTempCacheToDB  (×192)
    │   │       ├── Alarm  (×214)
    │   │       └── onExtend  (×201)
    │   └── onExtend  (×145)
    │       ├── onStandStepChanged  (×23703)
    │       │   ├── flushTempCacheToDB  (×192)
    │       │   └── flush  (×61)
    │       └── timeStamp  (×649)
    │           ├── onStandStepChanged  (×145)
    │           └── flush  (×21)
    └── onStandStepChanged  (×35)
        ├── onExtend  (×27795)
        │   ├── processHandleBroadcastAction  (×3459)
        │   │   ├── flush  (×28)
        │   │   └── uploadStaticsToDB  (×6)
        │   └── timeStamp  (×649)
        │       ├── processHandleBroadcastAction  (×421)
        │       └── flush  (×21)
        └── processHandleBroadcastAction  (×279)
            ├── onExtend  (×145)
            │   ├── timeStamp  (×649)
            │   └── flushTempCacheToDB  (×243)
            └── flush  (×28)
                ├── reStartStepCounter  (×11)
                └── onExtend  (×7)

getTodayTotalDetailSteps
    ├── setTodayTotalDetailSteps  (×27303)
    │   ├── setWriteDBLastDataMinute  (×436)
    │   └── setGoalNotifiShownRecord  (×14)
    │       ├── setWriteDBLastDataMinute  (×1)
    │       └── getDiffTotalSteps  (×1)
    │           └── setBasicStandardSteps  (×16)
    └── getTodayBasicStandardSteps  (×16)
        ├── getDiffTotalSteps  (×31)
        │   └── setBasicStandardSteps  (×16)
        │       ├── setDiffTotalSteps  (×11)
        │       └── setTodayTotalDetailSteps  (×5)
        └── setGoalNotifiShownRecord  (×1)
            ├── setWriteDBLastDataMinute  (×1)
            │   └── setTodayTotalDetailSteps  (×4)
            └── getDiffTotalSteps  (×1)
                └── setBasicStandardSteps  (×16)

getUserInfoFromPerference
    ├── setUserInfoToPerference  (×4)
    │   └── getDiffTotalCalories  (×5)
    │       ├── getDiffTotalAltitude  (×4)
    │       │   └── getIntercepterDistance  (×5)
    │       └── getTodayTotalDetailSteps  (×1)
    │           ├── setTodayTotalDetailSteps  (×27303)
    │           └── getTodayBasicStandardSteps  (×16)
    └── getTodayTotalDetailSteps  (×1)
        ├── setTodayTotalDetailSteps  (×27303)
        │   ├── setWriteDBLastDataMinute  (×436)
        │   └── setGoalNotifiShownRecord  (×14)
        │       ├── setWriteDBLastDataMinute  (×1)
        │       └── getDiffTotalSteps  (×1)
        └── getTodayBasicStandardSteps  (×16)
            ├── getDiffTotalSteps  (×31)
            │   └── setBasicStandardSteps  (×16)
            └── setGoalNotifiShownRecord  (×1)
                ├── setWriteDBLastDataMinute  (×1)
                └── getDiffTotalSteps  (×1)

getUserPreference
    ├── getStringHuid  (×4)
    │   ├── readHiHealthData  (×17)
    │   │   ├── aggregateHiHealthData  (×17)
    │   │   │   ├── aggregateHiHealthDataEx  (×4)
    │   │   │   └── fetchDataSourceByType  (×2)
    │   │   └── aggregateHiHealthDataEx  (×5)
    │   │       ├── aggregateHiHealthData  (×5)
    │   │       └── fetchDataSourceByType  (×1)
    │   └── aggregateHiHealthData  (×10)
    │       ├── readHiHealthData  (×15)
    │       │   ├── aggregateHiHealthDataEx  (×5)
    │       │   └── getAppContext  (×3)
    │       └── aggregateHiHealthDataEx  (×4)
    │           ├── readHiHealthData  (×8)
    │           └── fetchDataSourceByType  (×1)
    └── aggregateHiHealthDataEx  (×2)
        ├── readHiHealthData  (×8)
        │   ├── aggregateHiHealthData  (×17)
        │   │   ├── getStringHuid  (×10)
        │   │   └── fetchDataSourceByType  (×2)
        │   └── getStringHuid  (×12)
        │       ├── aggregateHiHealthData  (×10)
        │       └── initBinder  (×5)
        └── aggregateHiHealthData  (×5)
            ├── readHiHealthData  (×15)
            │   ├── getStringHuid  (×12)
            │   └── getAppContext  (×3)
            └── getStringHuid  (×10)
                ├── readHiHealthData  (×17)
                └── initBinder  (×5)

getVersion
    └── getServiceRestartRecord  (×5)
        └── setServiceRestartRecord  (×5)
            └── getStepsTarget  (×5)
                └── getLastSyncDBTime  (×5)

getWriteDBLastDataMinute
    └── getTodayTotalDetailSteps  (×5)
        ├── setTodayTotalDetailSteps  (×27303)
        │   ├── setWriteDBLastDataMinute  (×436)
        │   └── setGoalNotifiShownRecord  (×14)
        │       ├── setWriteDBLastDataMinute  (×1)
        │       └── getDiffTotalSteps  (×1)
        └── getTodayBasicStandardSteps  (×16)
            ├── getDiffTotalSteps  (×31)
            │   └── setBasicStandardSteps  (×16)
            └── setGoalNotifiShownRecord  (×1)
                ├── setWriteDBLastDataMinute  (×1)
                └── getDiffTotalSteps  (×1)

ifCanSync
    ├── checkInsertStatus  (×685)
    │   ├── stepSyncOrNot  (×705)
    │   │   ├── startInsertSportSync  (×704)
    │   │   │   ├── startSync  (×702)
    │   │   │   └── startTimer  (×1)
    │   │   └── needAutoSync  (×86)
    │   │       └── initDataPrivacy  (×790)
    │   └── initDataPrivacy  (×1)
    │       └── initUserPrivacy  (×1580)
    └── startTimer  (×80)
        ├── startSync  (×84)
        │   ├── needAutoSync  (×704)
        │   │   ├── initDataPrivacy  (×790)
        │   │   └── checkInsertStatus  (×2)
        │   └── stepSyncOrNot  (×79)
        │       ├── startInsertSportSync  (×704)
        │       └── needAutoSync  (×86)
        └── checkInsertStatus  (×2)
            ├── stepSyncOrNot  (×705)
            │   ├── startInsertSportSync  (×704)
            │   └── needAutoSync  (×86)
            └── initDataPrivacy  (×1)
                └── initUserPrivacy  (×1580)

init
    ├── registerDynamicBroadcastReceiver  (×3)
    │   ├── deleteHealthNotification  (×5)
    │   └── startStepCounter  (×4)
    │       ├── openStepCounter  (×5)
    │       │   ├── registerCallback  (×4)
    │       │   └── getMidWareCache  (×1)
    │       └── start  (×4)
    │           └── compareMidWareCacheAndLocalCache  (×5)
    └── processHandleBroadcastAction  (×2)
        ├── onStandStepChanged  (×4154)
        │   ├── onExtend  (×27795)
        │   │   ├── timeStamp  (×649)
        │   │   └── flushTempCacheToDB  (×243)
        │   └── flushTempCacheToDB  (×192)
        │       ├── Alarm  (×214)
        │       └── onExtend  (×201)
        └── onExtend  (×145)
            ├── onStandStepChanged  (×23703)
            │   ├── flushTempCacheToDB  (×192)
            │   └── flush  (×61)
            └── timeStamp  (×649)
                ├── onStandStepChanged  (×145)
                └── flush  (×21)

initBinder
    └── getStringHuid  (×10)
        ├── readHiHealthData  (×17)
        │   ├── aggregateHiHealthData  (×17)
        │   │   ├── aggregateHiHealthDataEx  (×4)
        │   │   └── fetchDataSourceByType  (×2)
        │   └── aggregateHiHealthDataEx  (×5)
        │       ├── aggregateHiHealthData  (×5)
        │       └── fetchDataSourceByType  (×1)
        └── aggregateHiHealthData  (×10)
            ├── readHiHealthData  (×15)
            │   ├── aggregateHiHealthDataEx  (×5)
            │   └── getUserPreference  (×5)
            └── aggregateHiHealthDataEx  (×4)
                ├── readHiHealthData  (×8)
                └── fetchDataSourceByType  (×1)

initCacheFromFile
    └── calculateCaloriesWithCache  (×5)
        └── calculateAltitudeWithCache  (×26414)

initDataManager
    └── SystemClock  (×5)
        └── updateBasicRestartStepsInfo  (×5)
            └── tryToReloadTodayBasicSteps  (×5)
                └── reload  (×16)

initDataPrivacy
    ├── initUserPrivacy  (×1580)
    │   └── ifCanSync  (×792)
    │       ├── checkInsertStatus  (×685)
    │       │   ├── stepSyncOrNot  (×705)
    │       │   └── startTimer  (×1)
    │       └── startTimer  (×80)
    │           ├── startSync  (×84)
    │           └── checkInsertStatus  (×2)
    └── checkInsertStatus  (×2)
        ├── stepSyncOrNot  (×705)
        │   ├── startInsertSportSync  (×704)
        │   │   ├── startSync  (×702)
        │   │   └── startTimer  (×1)
        │   └── needAutoSync  (×86)
        └── startTimer  (×1)
            └── startSync  (×84)
                ├── needAutoSync  (×704)
                └── stepSyncOrNot  (×79)

initDiffAltitude
    └── initTrackDistancefromFile  (×1)
        └── registerDynamicBroadcastReceiver  (×1)
            ├── deleteHealthNotification  (×5)
            └── startStepCounter  (×4)
                ├── openStepCounter  (×5)
                └── start  (×4)

initDiffCaloriesfromFile
    └── initDiffAltitude  (×1)
        └── initTrackDistancefromFile  (×1)
            └── registerDynamicBroadcastReceiver  (×1)
                ├── deleteHealthNotification  (×5)
                └── startStepCounter  (×4)

initEnviroument
    └── tryToRecordAsBasicStepData  (×10)
        └── tryToReloadTodayBasicSteps  (×11)
            └── reload  (×16)
                ├── theDayChanged  (×6)
                └── context  (×5)

initExtendStepCounter
    └── initStepCounter  (×4)

initStepCounter
    └── initExtendStepCounter  (×5)

initSyncModel
    ├── checkInsertStatus  (×3)
    │   ├── stepSyncOrNot  (×705)
    │   │   ├── startInsertSportSync  (×704)
    │   │   │   ├── startSync  (×702)
    │   │   │   └── startTimer  (×1)
    │   │   └── needAutoSync  (×86)
    │   │       └── initDataPrivacy  (×790)
    │   └── initDataPrivacy  (×1)
    │       └── initUserPrivacy  (×1580)
    │           └── ifCanSync  (×792)
    └── checkSportDataNum  (×1)
        ├── checkInsertStatus  (×8)
        │   ├── stepSyncOrNot  (×705)
        │   │   ├── startInsertSportSync  (×704)
        │   │   └── needAutoSync  (×86)
        │   └── initDataPrivacy  (×1)
        │       └── initUserPrivacy  (×1580)
        └── startTimer  (×3)
            ├── startSync  (×84)
            │   ├── needAutoSync  (×704)
            │   └── stepSyncOrNot  (×79)
            └── checkInsertStatus  (×2)
                ├── stepSyncOrNot  (×705)
                └── initDataPrivacy  (×1)

initTrackDistancefromFile
    └── registerDynamicBroadcastReceiver  (×1)
        ├── deleteHealthNotification  (×5)
        └── startStepCounter  (×4)
            ├── openStepCounter  (×5)
            │   ├── registerCallback  (×4)
            │   └── getMidWareCache  (×1)
            └── start  (×4)
                └── compareMidWareCacheAndLocalCache  (×5)

initUserPrivacy
    ├── ifCanSync  (×792)
    │   ├── checkInsertStatus  (×685)
    │   │   ├── stepSyncOrNot  (×705)
    │   │   │   ├── startInsertSportSync  (×704)
    │   │   │   └── needAutoSync  (×86)
    │   │   └── initDataPrivacy  (×1)
    │   └── startTimer  (×80)
    │       ├── startSync  (×84)
    │       │   ├── needAutoSync  (×704)
    │       │   └── stepSyncOrNot  (×79)
    │       └── checkInsertStatus  (×2)
    │           ├── stepSyncOrNot  (×705)
    │           └── initDataPrivacy  (×1)
    └── initDataPrivacy  (×789)
        └── checkInsertStatus  (×2)
            ├── stepSyncOrNot  (×705)
            │   ├── startInsertSportSync  (×704)
            │   └── needAutoSync  (×86)
            └── startTimer  (×1)
                └── startSync  (×84)

insert
    └── writeDataToDB  (×1)
        ├── upLoadOneMinuteDataToEngine  (×436)
        │   └── InsertCallBack  (×300)
        │       └── InsertEvent  (×436)
        └── InsertCallBack  (×1)
            └── InsertEvent  (×436)
                └── upLoadOneMinuteDataToEngine  (×2)

insertHiHealthData
    ├── getAppContext  (×733)
    │   └── initBinder  (×5)
    │       └── getStringHuid  (×10)
    │           ├── readHiHealthData  (×17)
    │           └── aggregateHiHealthData  (×10)
    └── moveOldData  (×5)
        └── getAppContext  (×5)
            └── initBinder  (×5)
                └── getStringHuid  (×10)

moveOldData
    └── getAppContext  (×5)
        ├── insertHiHealthData  (×737)
        │   └── getStringHuid  (×3)
        │       ├── readHiHealthData  (×17)
        │       └── aggregateHiHealthData  (×10)
        └── initBinder  (×5)
            └── getStringHuid  (×10)
                ├── readHiHealthData  (×17)
                └── aggregateHiHealthData  (×10)

needAutoSync
    ├── initDataPrivacy  (×790)
    │   ├── initUserPrivacy  (×1580)
    │   │   └── ifCanSync  (×792)
    │   │       ├── checkInsertStatus  (×685)
    │   │       └── startTimer  (×80)
    │   └── checkInsertStatus  (×2)
    │       ├── stepSyncOrNot  (×705)
    │       │   ├── startInsertSportSync  (×704)
    │       │   └── startTimer  (×1)
    │       └── startTimer  (×1)
    │           └── startSync  (×84)
    └── checkInsertStatus  (×2)
        ├── stepSyncOrNot  (×705)
        │   ├── startInsertSportSync  (×704)
        │   │   ├── startSync  (×702)
        │   │   └── startTimer  (×1)
        │   └── startTimer  (×1)
        │       └── startSync  (×84)
        └── initDataPrivacy  (×1)
            └── initUserPrivacy  (×1580)
                └── ifCanSync  (×792)

next
    └── closeNotification  (×11)
        ├── target  (×4)
        │   ├── startNotification  (×1)
        │   │   └── createHealthNotification  (×4)
        │   └── upDateHealthNotification  (×1)
        │       └── rebuild  (×4)
        └── startNotification  (×2)
            └── createHealthNotification  (×4)
                └── upDateHealthNotification  (×3)

onBind
    └── onCreate  (×4)

onCreate
    └── onBind  (×5)

onExtend
    ├── onStandStepChanged  (×23703)
    │   ├── processHandleBroadcastAction  (×279)
    │   │   ├── getTodaySportData  (×39)
    │   │   └── flush  (×28)
    │   │       ├── reStartStepCounter  (×11)
    │   │       └── registersensorsuccess  (×5)
    │   └── flushTempCacheToDB  (×192)
    │       ├── Alarm  (×214)
    │       │   ├── uploadStaticsToDB  (×151)
    │       │   └── processHandleBroadcastAction  (×22)
    │       └── uploadStaticsToDB  (×9)
    │           ├── flush  (×196)
    │           └── processHandleBroadcastAction  (×61)
    └── processHandleBroadcastAction  (×3459)
        ├── onStandStepChanged  (×4154)
        │   ├── flushTempCacheToDB  (×192)
        │   │   ├── Alarm  (×214)
        │   │   └── uploadStaticsToDB  (×9)
        │   └── flush  (×61)
        │       ├── reStartStepCounter  (×11)
        │       └── registersensorsuccess  (×5)
        └── getTodaySportData  (×39)
            └── onStandStepChanged  (×35)
                ├── flushTempCacheToDB  (×192)
                └── flush  (×61)

onReceive
    ├── REPORT  (×1846)
    │   └── screen  (×21)
    └── screen  (×21)
        └── REPORT  (×40)

onStandStepChanged
    ├── onExtend  (×27795)
    │   ├── processHandleBroadcastAction  (×3459)
    │   │   ├── getTodaySportData  (×39)
    │   │   └── flush  (×28)
    │   │       ├── reStartStepCounter  (×11)
    │   │       └── registersensorsuccess  (×5)
    │   └── timeStamp  (×649)
    │       ├── processHandleBroadcastAction  (×421)
    │       │   ├── getTodaySportData  (×39)
    │       │   └── flush  (×28)
    │       └── flush  (×21)
    │           ├── processHandleBroadcastAction  (×88)
    │           └── reStartStepCounter  (×11)
    └── processHandleBroadcastAction  (×279)
        ├── onExtend  (×145)
        │   ├── timeStamp  (×649)
        │   │   ├── flush  (×21)
        │   │   └── getTodaySportData  (×4)
        │   └── flushTempCacheToDB  (×243)
        │       ├── Alarm  (×214)
        │       └── uploadStaticsToDB  (×9)
        └── getTodaySportData  (×39)
            └── onExtend  (×1)
                ├── timeStamp  (×649)
                └── flushTempCacheToDB  (×243)

openStepCounter
    ├── registerCallback  (×4)
    │   └── registerLogCallback  (×5)
    │       └── bind  (×4)
    │           └── MyServiceConn  (×5)
    └── getMidWareCache  (×1)
        ├── MyGetDetailDataCallback  (×5)
        │   ├── startStepCounter  (×4)
        │   │   ├── start  (×4)
        │   │   └── startStepCounterInter  (×1)
        │   └── registerCallback  (×1)
        │       └── registerLogCallback  (×5)
        └── startStepCounter  (×1)
            ├── start  (×4)
            │   └── compareMidWareCacheAndLocalCache  (×5)
            └── startStepCounterInter  (×1)
                ├── processHandleBroadcastAction  (×5)
                └── compareMidWareCacheAndLocalCache  (×3)

policy
    └── getCfgFile  (×5)

processHandleBroadcastAction
    ├── onStandStepChanged  (×4154)
    │   ├── onExtend  (×27795)
    │   │   ├── timeStamp  (×649)
    │   │   │   ├── flush  (×21)
    │   │   │   └── getTodaySportData  (×4)
    │   │   └── flushTempCacheToDB  (×243)
    │   │       ├── Alarm  (×214)
    │   │       └── uploadStaticsToDB  (×9)
    │   └── flushTempCacheToDB  (×192)
    │       ├── Alarm  (×214)
    │       │   ├── uploadStaticsToDB  (×151)
    │       │   └── onExtend  (×109)
    │       └── onExtend  (×201)
    │           ├── timeStamp  (×649)
    │           └── uploadStaticsToDB  (×101)
    └── onExtend  (×145)
        ├── onStandStepChanged  (×23703)
        │   ├── flushTempCacheToDB  (×192)
        │   │   ├── Alarm  (×214)
        │   │   └── uploadStaticsToDB  (×9)
        │   └── flush  (×61)
        │       ├── reStartStepCounter  (×11)
        │       └── registersensorsuccess  (×5)
        └── timeStamp  (×649)
            ├── onStandStepChanged  (×145)
            │   ├── flushTempCacheToDB  (×192)
            │   └── flush  (×61)
            └── flush  (×21)
                ├── onStandStepChanged  (×256)
                └── reStartStepCounter  (×11)

reStartStepCounter
    └── registersensorsuccess  (×11)
        └── flush  (×16)
            ├── onStandStepChanged  (×256)
            │   ├── onExtend  (×27795)
            │   └── processHandleBroadcastAction  (×279)
            └── processHandleBroadcastAction  (×88)
                ├── onStandStepChanged  (×4154)
                └── onExtend  (×145)

readHiHealthData
    ├── aggregateHiHealthData  (×17)
    │   ├── getStringHuid  (×10)
    │   │   ├── initBinder  (×5)
    │   │   └── insertHiHealthData  (×5)
    │   │       ├── getAppContext  (×733)
    │   │       └── moveOldData  (×5)
    │   └── aggregateHiHealthDataEx  (×4)
    │       ├── getStringHuid  (×3)
    │       │   ├── initBinder  (×5)
    │       │   └── insertHiHealthData  (×5)
    │       └── fetchDataSourceByType  (×1)
    │           └── getStringHuid  (×2)
    └── getStringHuid  (×12)
        ├── aggregateHiHealthData  (×10)
        │   ├── aggregateHiHealthDataEx  (×4)
        │   │   └── fetchDataSourceByType  (×1)
        │   └── fetchDataSourceByType  (×2)
        │       └── aggregateHiHealthDataEx  (×1)
        └── initBinder  (×5)

readXmlIfSupportEX
    ├── supportStandStepCounter  (×7)
    │   └── supportPrivateStandStepcounter  (×7)
    │       ├── getMidWareStepCountService  (×5)
    │       │   └── support  (×1)
    │       └── support  (×2)
    └── support  (×4)

rebuild
    ├── next  (×2)
    │   └── closeNotification  (×11)
    │       ├── target  (×4)
    │       │   ├── startNotification  (×1)
    │       │   └── upDateHealthNotification  (×1)
    │       └── startNotification  (×2)
    │           └── createHealthNotification  (×4)
    └── startNotification  (×1)
        └── createHealthNotification  (×4)
            ├── upDateHealthNotification  (×3)
            └── next  (×1)
                └── closeNotification  (×11)

registerCallback
    └── registerLogCallback  (×5)
        └── bind  (×4)
            └── MyServiceConn  (×5)
                └── getMidWareCache  (×5)

registerDynamicBroadcastReceiver
    ├── deleteHealthNotification  (×5)
    └── startStepCounter  (×4)
        ├── openStepCounter  (×5)
        │   ├── registerCallback  (×4)
        │   │   └── registerLogCallback  (×5)
        │   └── getMidWareCache  (×1)
        │       └── MyGetDetailDataCallback  (×5)
        └── start  (×4)
            └── compareMidWareCacheAndLocalCache  (×5)
                ├── startStepCounterInter  (×5)
                └── onStandStepChanged  (×4)

registerLogCallback
    └── bind  (×4)
        └── MyServiceConn  (×5)
            └── getMidWareCache  (×5)
                ├── MyGetDetailDataCallback  (×5)
                └── startStepCounter  (×1)

registersensorsuccess
    └── flush  (×16)
        ├── onStandStepChanged  (×256)
        │   ├── onExtend  (×27795)
        │   │   ├── processHandleBroadcastAction  (×3459)
        │   │   └── timeStamp  (×649)
        │   └── processHandleBroadcastAction  (×279)
        │       ├── onExtend  (×145)
        │       └── getTodaySportData  (×39)
        └── processHandleBroadcastAction  (×88)
            ├── onStandStepChanged  (×4154)
            │   ├── onExtend  (×27795)
            │   └── flushTempCacheToDB  (×192)
            └── onExtend  (×145)
                ├── onStandStepChanged  (×23703)
                └── timeStamp  (×649)

reload
    ├── theDayChanged  (×6)
    │   └── initEnviroument  (×11)
    │       └── tryToRecordAsBasicStepData  (×10)
    │           └── tryToReloadTodayBasicSteps  (×11)
    └── context  (×5)
        └── initDataManager  (×5)
            └── SystemClock  (×5)
                └── updateBasicRestartStepsInfo  (×5)

saveHealthDetailData
    ├── saveStatData  (×594)
    │   ├── bulkSaveDetailHiHealthData  (×303)
    │   │   └── saveRealTimeHealthDatasStat  (×430)
    │   └── saveRealTimeHealthDatasStat  (×2)
    │       └── bulkSaveDetailHiHealthData  (×9)
    └── bulkSaveDetailHiHealthData  (×432)
        ├── saveRealTimeHealthDatasStat  (×430)
        └── saveStatData  (×1)
            └── saveRealTimeHealthDatasStat  (×2)

saveRealTimeHealthDatasStat
    ├── saveHealthDetailData  (×424)
    │   ├── saveStatData  (×594)
    │   │   └── bulkSaveDetailHiHealthData  (×303)
    │   └── bulkSaveDetailHiHealthData  (×432)
    │       └── saveStatData  (×1)
    └── bulkSaveDetailHiHealthData  (×9)
        ├── saveHealthDetailData  (×313)
        │   └── saveStatData  (×594)
        └── saveStatData  (×1)
            └── saveHealthDetailData  (×290)

saveStatData
    ├── bulkSaveDetailHiHealthData  (×303)
    │   ├── saveRealTimeHealthDatasStat  (×430)
    │   │   └── saveHealthDetailData  (×424)
    │   └── saveHealthDetailData  (×313)
    │       └── saveRealTimeHealthDatasStat  (×2)
    └── saveHealthDetailData  (×290)
        ├── bulkSaveDetailHiHealthData  (×432)
        │   └── saveRealTimeHealthDatasStat  (×430)
        └── saveRealTimeHealthDatasStat  (×2)
            └── bulkSaveDetailHiHealthData  (×9)

screen
    ├── REPORT  (×40)
    │   └── onReceive  (×1864)
    └── onReceive  (×2)
        └── REPORT  (×1846)

setBasicStandardSteps
    ├── setDiffTotalSteps  (×11)
    │   └── getTodayTotalDetailSteps  (×11)
    │       ├── setTodayTotalDetailSteps  (×27303)
    │       │   ├── setWriteDBLastDataMinute  (×436)
    │       │   └── setGoalNotifiShownRecord  (×14)
    │       └── getTodayBasicStandardSteps  (×16)
    │           ├── getDiffTotalSteps  (×31)
    │           └── setGoalNotifiShownRecord  (×1)
    └── setTodayTotalDetailSteps  (×5)
        ├── getTodayTotalDetailSteps  (×26833)
        │   ├── getTodayBasicStandardSteps  (×16)
        │   │   ├── getDiffTotalSteps  (×31)
        │   │   └── setGoalNotifiShownRecord  (×1)
        │   └── setWriteDBLastDataMinute  (×5)
        └── setWriteDBLastDataMinute  (×436)
            └── getTodayTotalDetailSteps  (×438)
                └── getTodayBasicStandardSteps  (×16)

setDeviceClassType
    ├── getStepsNotificationShowStatus  (×5)
    │   └── getGoalNotificationShowStatus  (×5)
    │       └── setGoalNotificationShowStatus  (×5)
    │           └── getGoalNotifiShownRecord  (×5)
    └── getWriteDBLastDataMinute  (×1)
        └── getTodayTotalDetailSteps  (×5)
            ├── setTodayTotalDetailSteps  (×27303)
            │   ├── setWriteDBLastDataMinute  (×436)
            │   └── setGoalNotifiShownRecord  (×14)
            └── getTodayBasicStandardSteps  (×16)
                ├── getDiffTotalSteps  (×31)
                └── setGoalNotifiShownRecord  (×1)

setDeviceShutDownValue
    ├── getVersion  (×5)
    │   └── getServiceRestartRecord  (×5)
    │       └── setServiceRestartRecord  (×5)
    │           └── getStepsTarget  (×5)
    └── getFirstStartDaemonFromUI  (×3)
        └── getDeviceShutDownBoolean  (×5)
            └── getDeviceShutDownTime  (×5)

setDiffTotalSteps
    └── getTodayTotalDetailSteps  (×11)
        ├── setTodayTotalDetailSteps  (×27303)
        │   ├── setWriteDBLastDataMinute  (×436)
        │   └── setGoalNotifiShownRecord  (×14)
        │       ├── setWriteDBLastDataMinute  (×1)
        │       └── getDiffTotalSteps  (×1)
        └── getTodayBasicStandardSteps  (×16)
            ├── getDiffTotalSteps  (×31)
            │   └── setBasicStandardSteps  (×16)
            └── setGoalNotifiShownRecord  (×1)
                ├── setWriteDBLastDataMinute  (×1)
                └── getDiffTotalSteps  (×1)

setFirstStartDaemonFromUI
    └── getTodayTotalDetailSteps  (×1)
        ├── setTodayTotalDetailSteps  (×27303)
        │   ├── setWriteDBLastDataMinute  (×436)
        │   └── setGoalNotifiShownRecord  (×14)
        │       ├── setWriteDBLastDataMinute  (×1)
        │       └── getDiffTotalSteps  (×1)
        └── getTodayBasicStandardSteps  (×16)
            ├── getDiffTotalSteps  (×31)
            │   └── setBasicStandardSteps  (×16)
            └── setGoalNotifiShownRecord  (×1)
                ├── setWriteDBLastDataMinute  (×1)
                └── getDiffTotalSteps  (×1)

setGoalNotifiShownRecord
    ├── getTodayTotalDetailSteps  (×13)
    │   ├── setTodayTotalDetailSteps  (×27303)
    │   │   ├── setWriteDBLastDataMinute  (×436)
    │   │   └── getStepCounterStatus  (×11)
    │   │       ├── getTodayBasicStandardSteps  (×10)
    │   │       └── setStepCounterStatus  (×5)
    │   └── getTodayBasicStandardSteps  (×16)
    │       └── getDiffTotalSteps  (×31)
    │           └── setBasicStandardSteps  (×16)
    └── setWriteDBLastDataMinute  (×1)
        ├── getTodayTotalDetailSteps  (×438)
        │   ├── setTodayTotalDetailSteps  (×27303)
        │   │   ├── getStepCounterStatus  (×11)
        │   │   └── getTodayBasicStandardSteps  (×6)
        │   └── getTodayBasicStandardSteps  (×16)
        │       └── getDiffTotalSteps  (×31)
        └── setTodayTotalDetailSteps  (×4)
            ├── getTodayTotalDetailSteps  (×26833)
            │   └── getTodayBasicStandardSteps  (×16)
            └── getStepCounterStatus  (×11)
                ├── getTodayBasicStandardSteps  (×10)
                └── setStepCounterStatus  (×5)

setGoalNotificationShowStatus
    └── getGoalNotifiShownRecord  (×5)
        ├── getWriteDBLastDataMinute  (×4)
        │   └── getTodayTotalDetailSteps  (×5)
        │       ├── setTodayTotalDetailSteps  (×27303)
        │       └── getTodayBasicStandardSteps  (×16)
        └── setDeviceClassType  (×1)
            ├── getStepsNotificationShowStatus  (×5)
            │   └── getGoalNotificationShowStatus  (×5)
            └── getWriteDBLastDataMinute  (×1)
                └── getTodayTotalDetailSteps  (×5)

setServiceRestartRecord
    └── getStepsTarget  (×5)
        └── getLastSyncDBTime  (×5)
            └── getUserInfoFromPerference  (×5)
                ├── setUserInfoToPerference  (×4)
                └── getTodayTotalDetailSteps  (×1)

setStepCounterStatus
    ├── getTodayTotalDetailSteps  (×3)
    │   ├── setTodayTotalDetailSteps  (×27303)
    │   │   ├── setWriteDBLastDataMinute  (×436)
    │   │   └── setGoalNotifiShownRecord  (×14)
    │   │       ├── setWriteDBLastDataMinute  (×1)
    │   │       └── getDiffTotalSteps  (×1)
    │   └── getTodayBasicStandardSteps  (×16)
    │       ├── getDiffTotalSteps  (×31)
    │       │   └── setBasicStandardSteps  (×16)
    │       └── setGoalNotifiShownRecord  (×1)
    │           ├── setWriteDBLastDataMinute  (×1)
    │           └── getDiffTotalSteps  (×1)
    └── getFirstStartDaemonFromUI  (×2)
        └── getDeviceShutDownBoolean  (×5)
            └── getDeviceShutDownTime  (×5)
                └── setDeviceShutDownValue  (×5)

setTodayTotalDetailSteps
    ├── getTodayTotalDetailSteps  (×26833)
    │   ├── getTodayBasicStandardSteps  (×16)
    │   │   ├── getDiffTotalSteps  (×31)
    │   │   │   └── setBasicStandardSteps  (×16)
    │   │   └── setGoalNotifiShownRecord  (×1)
    │   │       ├── setWriteDBLastDataMinute  (×1)
    │   │       └── getDiffTotalSteps  (×1)
    │   └── setWriteDBLastDataMinute  (×5)
    └── setWriteDBLastDataMinute  (×436)
        └── getTodayTotalDetailSteps  (×438)
            └── getTodayBasicStandardSteps  (×16)
                ├── getDiffTotalSteps  (×31)
                └── setGoalNotifiShownRecord  (×1)

setUserInfoToPerference
    └── getDiffTotalCalories  (×5)
        ├── getDiffTotalAltitude  (×4)
        │   └── getIntercepterDistance  (×5)
        │       └── setDeviceClassType  (×5)
        └── getTodayTotalDetailSteps  (×1)
            ├── setTodayTotalDetailSteps  (×27303)
            │   ├── setWriteDBLastDataMinute  (×436)
            │   └── setGoalNotifiShownRecord  (×14)
            └── getTodayBasicStandardSteps  (×16)
                ├── getDiffTotalSteps  (×31)
                └── setGoalNotifiShownRecord  (×1)

setWriteDBLastDataMinute
    ├── getTodayTotalDetailSteps  (×438)
    │   ├── setTodayTotalDetailSteps  (×27303)
    │   │   ├── setGoalNotifiShownRecord  (×14)
    │   │   │   └── getDiffTotalSteps  (×1)
    │   │   └── getStepCounterStatus  (×11)
    │   │       ├── getTodayBasicStandardSteps  (×10)
    │   │       └── setStepCounterStatus  (×5)
    │   └── getTodayBasicStandardSteps  (×16)
    │       ├── getDiffTotalSteps  (×31)
    │       │   └── setBasicStandardSteps  (×16)
    │       └── setGoalNotifiShownRecord  (×1)
    │           └── getDiffTotalSteps  (×1)
    └── setTodayTotalDetailSteps  (×4)
        ├── getTodayTotalDetailSteps  (×26833)
        │   └── getTodayBasicStandardSteps  (×16)
        │       ├── getDiffTotalSteps  (×31)
        │       └── setGoalNotifiShownRecord  (×1)
        └── setGoalNotifiShownRecord  (×14)
            ├── getTodayTotalDetailSteps  (×13)
            │   └── getTodayBasicStandardSteps  (×16)
            └── getDiffTotalSteps  (×1)
                ├── setBasicStandardSteps  (×16)
                └── getTodayTotalDetailSteps  (×16)

start
    └── compareMidWareCacheAndLocalCache  (×5)
        ├── startStepCounterInter  (×5)
        │   ├── processHandleBroadcastAction  (×5)
        │   │   ├── onStandStepChanged  (×4154)
        │   │   └── onExtend  (×145)
        │   └── onStandStepChanged  (×1)
        │       ├── onExtend  (×27795)
        │       └── processHandleBroadcastAction  (×279)
        └── onStandStepChanged  (×4)
            ├── onExtend  (×27795)
            │   ├── processHandleBroadcastAction  (×3459)
            │   └── timeStamp  (×649)
            └── processHandleBroadcastAction  (×279)
                ├── onExtend  (×145)
                └── getTodaySportData  (×39)

startInsertSportSync
    ├── startSync  (×702)
    │   ├── needAutoSync  (×704)
    │   │   ├── initDataPrivacy  (×790)
    │   │   │   ├── initUserPrivacy  (×1580)
    │   │   │   └── checkInsertStatus  (×2)
    │   │   └── checkInsertStatus  (×2)
    │   │       ├── stepSyncOrNot  (×705)
    │   │       └── initDataPrivacy  (×1)
    │   └── stepSyncOrNot  (×79)
    │       ├── needAutoSync  (×86)
    │       │   ├── initDataPrivacy  (×790)
    │       │   └── checkInsertStatus  (×2)
    │       └── startTimer  (×1)
    │           └── checkInsertStatus  (×2)
    └── checkInsertStatus  (×3)
        ├── stepSyncOrNot  (×705)
        │   ├── needAutoSync  (×86)
        │   │   └── initDataPrivacy  (×790)
        │   └── startTimer  (×1)
        │       └── startSync  (×84)
        └── initDataPrivacy  (×1)
            └── initUserPrivacy  (×1580)
                └── ifCanSync  (×792)

startNotification
    └── createHealthNotification  (×4)
        ├── upDateHealthNotification  (×3)
        │   └── rebuild  (×4)
        │       ├── next  (×2)
        │       └── target  (×1)
        └── next  (×1)
            └── closeNotification  (×11)
                └── target  (×4)

startStepCounter
    ├── openStepCounter  (×5)
    │   ├── registerCallback  (×4)
    │   │   └── registerLogCallback  (×5)
    │   │       └── bind  (×4)
    │   └── getMidWareCache  (×1)
    │       └── MyGetDetailDataCallback  (×5)
    │           └── registerCallback  (×1)
    └── start  (×4)
        └── compareMidWareCacheAndLocalCache  (×5)
            ├── startStepCounterInter  (×5)
            │   ├── processHandleBroadcastAction  (×5)
            │   └── onStandStepChanged  (×1)
            └── onStandStepChanged  (×4)
                ├── onExtend  (×27795)
                └── processHandleBroadcastAction  (×279)

startStepCounterInter
    ├── processHandleBroadcastAction  (×5)
    │   ├── onStandStepChanged  (×4154)
    │   │   ├── onExtend  (×27795)
    │   │   │   ├── timeStamp  (×649)
    │   │   │   └── flushTempCacheToDB  (×243)
    │   │   └── flushTempCacheToDB  (×192)
    │   │       ├── Alarm  (×214)
    │   │       └── onExtend  (×201)
    │   └── onExtend  (×145)
    │       ├── onStandStepChanged  (×23703)
    │       │   ├── flushTempCacheToDB  (×192)
    │       │   └── flush  (×61)
    │       └── timeStamp  (×649)
    │           ├── onStandStepChanged  (×145)
    │           └── flush  (×21)
    └── compareMidWareCacheAndLocalCache  (×3)
        └── onStandStepChanged  (×4)
            ├── onExtend  (×27795)
            │   ├── processHandleBroadcastAction  (×3459)
            │   └── timeStamp  (×649)
            └── processHandleBroadcastAction  (×279)
                ├── onExtend  (×145)
                └── getTodaySportData  (×39)

startSync
    ├── needAutoSync  (×704)
    │   ├── initDataPrivacy  (×790)
    │   │   ├── initUserPrivacy  (×1580)
    │   │   │   └── ifCanSync  (×792)
    │   │   └── checkInsertStatus  (×2)
    │   │       ├── stepSyncOrNot  (×705)
    │   │       └── startTimer  (×1)
    │   └── checkInsertStatus  (×2)
    │       ├── stepSyncOrNot  (×705)
    │       │   ├── startInsertSportSync  (×704)
    │       │   └── startTimer  (×1)
    │       └── initDataPrivacy  (×1)
    │           └── initUserPrivacy  (×1580)
    └── stepSyncOrNot  (×79)
        ├── startInsertSportSync  (×704)
        │   ├── checkInsertStatus  (×3)
        │   │   ├── initDataPrivacy  (×1)
        │   │   └── startTimer  (×1)
        │   └── startTimer  (×1)
        │       └── checkInsertStatus  (×2)
        └── needAutoSync  (×86)
            ├── initDataPrivacy  (×790)
            │   ├── initUserPrivacy  (×1580)
            │   └── checkInsertStatus  (×2)
            └── checkInsertStatus  (×2)
                ├── initDataPrivacy  (×1)
                └── startTimer  (×1)

startTimer
    ├── startSync  (×84)
    │   ├── needAutoSync  (×704)
    │   │   ├── initDataPrivacy  (×790)
    │   │   │   ├── initUserPrivacy  (×1580)
    │   │   │   └── checkInsertStatus  (×2)
    │   │   └── checkInsertStatus  (×2)
    │   │       ├── stepSyncOrNot  (×705)
    │   │       └── initDataPrivacy  (×1)
    │   └── stepSyncOrNot  (×79)
    │       ├── startInsertSportSync  (×704)
    │       │   ├── checkInsertStatus  (×3)
    │       │   └── needAutoSync  (×1)
    │       └── needAutoSync  (×86)
    │           ├── initDataPrivacy  (×790)
    │           └── checkInsertStatus  (×2)
    └── checkInsertStatus  (×2)
        ├── stepSyncOrNot  (×705)
        │   ├── startInsertSportSync  (×704)
        │   │   ├── startSync  (×702)
        │   │   └── needAutoSync  (×1)
        │   └── needAutoSync  (×86)
        │       └── initDataPrivacy  (×790)
        └── initDataPrivacy  (×1)
            └── initUserPrivacy  (×1580)
                └── ifCanSync  (×792)

stepSyncOrNot
    ├── startInsertSportSync  (×704)
    │   ├── startSync  (×702)
    │   │   ├── needAutoSync  (×704)
    │   │   │   ├── initDataPrivacy  (×790)
    │   │   │   └── checkInsertStatus  (×2)
    │   │   └── checkCurrentDay  (×8)
    │   │       └── checkSportDataNum  (×3)
    │   └── checkInsertStatus  (×3)
    │       ├── initDataPrivacy  (×1)
    │       │   └── initUserPrivacy  (×1580)
    │       └── startTimer  (×1)
    │           └── startSync  (×84)
    └── needAutoSync  (×86)
        ├── initDataPrivacy  (×790)
        │   ├── initUserPrivacy  (×1580)
        │   │   └── ifCanSync  (×792)
        │   └── checkInsertStatus  (×2)
        │       └── startTimer  (×1)
        └── checkInsertStatus  (×2)
            ├── initDataPrivacy  (×1)
            │   └── initUserPrivacy  (×1580)
            └── startTimer  (×1)
                └── startSync  (×84)

subscribeHiHealthData
    ├── fetchPhoneDataClient  (×1)
    │   └── getUserPreference  (×1)
    │       ├── getStringHuid  (×4)
    │       │   ├── readHiHealthData  (×17)
    │       │   └── aggregateHiHealthData  (×10)
    │       └── aggregateHiHealthDataEx  (×2)
    │           ├── readHiHealthData  (×8)
    │           └── aggregateHiHealthData  (×5)
    └── getStringHuid  (×1)
        ├── readHiHealthData  (×17)
        │   ├── aggregateHiHealthData  (×17)
        │   │   ├── aggregateHiHealthDataEx  (×4)
        │   │   └── fetchDataSourceByType  (×2)
        │   └── aggregateHiHealthDataEx  (×5)
        │       ├── aggregateHiHealthData  (×5)
        │       └── fetchDataSourceByType  (×1)
        └── aggregateHiHealthData  (×10)
            ├── readHiHealthData  (×15)
            │   ├── aggregateHiHealthDataEx  (×5)
            │   └── getUserPreference  (×5)
            └── aggregateHiHealthDataEx  (×4)
                ├── readHiHealthData  (×8)
                └── fetchDataSourceByType  (×1)

support
    └── readXmlIfSupportEX  (×7)
        └── supportStandStepCounter  (×7)
            └── supportPrivateStandStepcounter  (×7)
                └── getMidWareStepCountService  (×5)

supportPrivateStandStepcounter
    ├── getMidWareStepCountService  (×5)
    │   ├── readXmlIfSupportEX  (×3)
    │   │   ├── supportStandStepCounter  (×7)
    │   │   └── support  (×4)
    │   └── support  (×1)
    │       └── readXmlIfSupportEX  (×7)
    │           └── supportStandStepCounter  (×7)
    └── support  (×2)
        └── readXmlIfSupportEX  (×7)
            └── supportStandStepCounter  (×7)

supportStandStepCounter
    └── supportPrivateStandStepcounter  (×7)
        ├── getMidWareStepCountService  (×5)
        │   ├── readXmlIfSupportEX  (×3)
        │   │   └── support  (×4)
        │   └── support  (×1)
        │       └── readXmlIfSupportEX  (×7)
        └── support  (×2)
            └── readXmlIfSupportEX  (×7)

target
    ├── next  (×3)
    │   └── closeNotification  (×11)
    │       └── startNotification  (×2)
    │           └── createHealthNotification  (×4)
    └── startNotification  (×1)
        └── createHealthNotification  (×4)
            ├── upDateHealthNotification  (×3)
            │   └── rebuild  (×4)
            └── next  (×1)
                └── closeNotification  (×11)

the
    ├── theDayChanged  (×4)
    │   └── initEnviroument  (×11)
    │       └── tryToRecordAsBasicStepData  (×10)
    │           └── tryToReloadTodayBasicSteps  (×11)
    └── tryToRecordAsBasicStepData  (×1)
        └── tryToReloadTodayBasicSteps  (×11)
            └── reload  (×16)
                ├── theDayChanged  (×6)
                └── context  (×5)

theDayChanged
    └── initEnviroument  (×11)
        └── tryToRecordAsBasicStepData  (×10)
            └── tryToReloadTodayBasicSteps  (×11)
                └── reload  (×16)

timeStamp
    ├── processHandleBroadcastAction  (×421)
    │   ├── onStandStepChanged  (×4154)
    │   │   ├── onExtend  (×27795)
    │   │   │   ├── flushTempCacheToDB  (×243)
    │   │   │   └── uploadStaticsToDB  (×101)
    │   │   └── flushTempCacheToDB  (×192)
    │   │       ├── Alarm  (×214)
    │   │       └── onExtend  (×201)
    │   └── onExtend  (×145)
    │       ├── onStandStepChanged  (×23703)
    │       │   ├── flushTempCacheToDB  (×192)
    │       │   └── flush  (×61)
    │       └── flushTempCacheToDB  (×243)
    │           ├── Alarm  (×214)
    │           └── uploadStaticsToDB  (×9)
    └── onStandStepChanged  (×145)
        ├── onExtend  (×27795)
        │   ├── processHandleBroadcastAction  (×3459)
        │   │   ├── getTodaySportData  (×39)
        │   │   └── flush  (×28)
        │   └── flushTempCacheToDB  (×243)
        │       ├── Alarm  (×214)
        │       └── uploadStaticsToDB  (×9)
        └── processHandleBroadcastAction  (×279)
            ├── onExtend  (×145)
            │   ├── flushTempCacheToDB  (×243)
            │   └── uploadStaticsToDB  (×101)
            └── getTodaySportData  (×39)
                └── onExtend  (×1)

tryToRecordAsBasicStepData
    └── tryToReloadTodayBasicSteps  (×11)
        └── reload  (×16)
            ├── theDayChanged  (×6)
            │   └── initEnviroument  (×11)
            └── context  (×5)
                └── initDataManager  (×5)

tryToReloadTodayBasicSteps
    └── reload  (×16)
        ├── theDayChanged  (×6)
        │   └── initEnviroument  (×11)
        │       └── tryToRecordAsBasicStepData  (×10)
        └── context  (×5)
            └── initDataManager  (×5)
                └── SystemClock  (×5)

upDateHealthNotification
    └── rebuild  (×4)
        ├── next  (×2)
        │   └── closeNotification  (×11)
        │       ├── target  (×4)
        │       └── startNotification  (×2)
        └── startNotification  (×1)
            └── createHealthNotification  (×4)
                └── next  (×1)

upLoadOneMinuteDataToEngine
    ├── InsertCallBack  (×300)
    │   └── InsertEvent  (×436)
    │       └── writeDataToDB  (×298)
    └── writeDataToDB  (×137)
        └── InsertCallBack  (×1)
            └── InsertEvent  (×436)

updateBasicRestartStepsInfo
    └── tryToReloadTodayBasicSteps  (×5)
        └── reload  (×16)
            ├── theDayChanged  (×6)
            │   └── initEnviroument  (×11)
            └── context  (×5)
                └── initDataManager  (×5)

uploadStaticsToDB
    ├── flush  (×196)
    │   ├── onStandStepChanged  (×256)
    │   │   ├── onExtend  (×27795)
    │   │   │   ├── processHandleBroadcastAction  (×3459)
    │   │   │   └── timeStamp  (×649)
    │   │   └── processHandleBroadcastAction  (×279)
    │   │       ├── onExtend  (×145)
    │   │       └── getTodaySportData  (×39)
    │   └── processHandleBroadcastAction  (×88)
    │       ├── onStandStepChanged  (×4154)
    │       │   ├── onExtend  (×27795)
    │       │   └── flushTempCacheToDB  (×192)
    │       └── onExtend  (×145)
    │           ├── onStandStepChanged  (×23703)
    │           └── timeStamp  (×649)
    └── processHandleBroadcastAction  (×61)
        ├── onStandStepChanged  (×4154)
        │   ├── onExtend  (×27795)
        │   │   ├── timeStamp  (×649)
        │   │   └── flushTempCacheToDB  (×243)
        │   └── flushTempCacheToDB  (×192)
        │       ├── Alarm  (×214)
        │       └── onExtend  (×201)
        └── onExtend  (×145)
            ├── onStandStepChanged  (×23703)
            │   ├── flushTempCacheToDB  (×192)
            │   └── flush  (×61)
            └── timeStamp  (×649)
                ├── onStandStepChanged  (×145)
                └── flush  (×21)

writeDataToDB
    ├── upLoadOneMinuteDataToEngine  (×436)
    │   ├── InsertCallBack  (×300)
    │   │   └── InsertEvent  (×436)
    │   └── insert  (×1)
    └── InsertCallBack  (×1)
        └── InsertEvent  (×436)
            └── upLoadOneMinuteDataToEngine  (×2)
                └── insert  (×1)

